2025-08-12 09:44:42,507 - INFO - Starting URL replacement: "https://zero-network.net" -> "http://localhost:8000" in directory: "./"
2025-08-12 09:44:42,510 - DEBUG - NO CHANGE: URL not found in "./index.html"
2025-08-12 09:44:42,513 - DEBUG - NO CHANGE: URL not found in "./assets\cdn.jsdelivr.net\npm\@photo-sphere-viewer\core\index.min.css"
2025-08-12 09:44:42,513 - DEBUG - NO CHANGE: URL not found in "./assets\cdn.jsdelivr.net\npm\@photo-sphere-viewer\virtual-tour-plugin@5\index.css"
2025-08-12 09:44:42,514 - DEBUG - NO CHANGE: URL not found in "./assets\data\3d-models.json"
2025-08-12 09:44:42,514 - DEBUG - NO CHANGE: URL not found in "./assets\data\events.json"
2025-08-12 09:44:42,516 - DEBUG - NO CHANGE: URL not found in "./assets\extern\ajax.googleapis.com\ajax\libs\jquery\3.7.1\jquery.min.js"
2025-08-12 09:44:42,519 - DEBUG - NO CHANGE: URL not found in "./assets\extern\www.w3schools.com\w3css\4\w3.css"
2025-08-12 09:44:42,520 - DEBUG - NO CHANGE: URL not found in "./assets\tybayn.github.io\css\bootstrap.min.css"
2025-08-12 09:44:42,521 - DEBUG - NO CHANGE: URL not found in "./assets\tybayn.github.io\css\star-background.css"
2025-08-12 09:44:42,521 - DEBUG - NO CHANGE: URL not found in "./assets\tybayn.github.io\css\style.css"
2025-08-12 09:44:42,522 - DEBUG - NO CHANGE: URL not found in "./assets\tybayn.github.io\edge-project\assets\css\color-green.css"
2025-08-12 09:44:42,522 - DEBUG - NO CHANGE: URL not found in "./assets\tybayn.github.io\edge-project\assets\css\stylesheet.css"
2025-08-12 09:44:42,523 - DEBUG - NO CHANGE: URL not found in "./assets\tybayn.github.io\edge-project\assets\js\theme.js"
2025-08-12 09:44:42,524 - DEBUG - NO CHANGE: URL not found in "./assets\tybayn.github.io\edge-project\assets\vendor\bootstrap\css\bootstrap.min.css"
2025-08-12 09:44:42,524 - DEBUG - NO CHANGE: URL not found in "./assets\tybayn.github.io\edge-project\assets\vendor\bootstrap\js\bootstrap.bundle.min.js"
2025-08-12 09:44:42,524 - DEBUG - NO CHANGE: URL not found in "./assets\tybayn.github.io\edge-project\assets\vendor\font-awesome\css\all.min.css"
2025-08-12 09:44:42,525 - DEBUG - NO CHANGE: URL not found in "./assets\tybayn.github.io\edge-project\assets\vendor\highlight.js\highlight.min.js"
2025-08-12 09:44:42,525 - DEBUG - NO CHANGE: URL not found in "./assets\tybayn.github.io\edge-project\assets\vendor\highlight.js\styles\github.css"
2025-08-12 09:44:42,526 - DEBUG - NO CHANGE: URL not found in "./assets\tybayn.github.io\edge-project\assets\vendor\jquery\jquery.min.js"
2025-08-12 09:44:42,526 - DEBUG - NO CHANGE: URL not found in "./assets\tybayn.github.io\edge-project\assets\vendor\jquery.easing\jquery.easing.min.js"
2025-08-12 09:44:42,526 - DEBUG - NO CHANGE: URL not found in "./assets\tybayn.github.io\edge-project\assets\vendor\magnific-popup\jquery.magnific-popup.min.js"
2025-08-12 09:44:42,527 - DEBUG - NO CHANGE: URL not found in "./assets\tybayn.github.io\edge-project\assets\vendor\magnific-popup\magnific-popup.min.css"
2025-08-12 09:44:42,527 - DEBUG - NO CHANGE: URL not found in "./assets\tybayn.github.io\fontawesome-5.5\css\all.min.css"
2025-08-12 09:44:42,527 - DEBUG - NO CHANGE: URL not found in "./assets\tybayn.github.io\fonts\phonesoap-fonts.css"
2025-08-12 09:44:42,528 - DEBUG - NO CHANGE: URL not found in "./assets\tybayn.github.io\guardplot\assets\css\color-purple.css"
2025-08-12 09:44:42,529 - DEBUG - NO CHANGE: URL not found in "./assets\tybayn.github.io\guardplot\assets\css\stylesheet.css"
2025-08-12 09:44:42,529 - DEBUG - NO CHANGE: URL not found in "./assets\tybayn.github.io\guardplot\assets\js\theme.js"
2025-08-12 09:44:42,530 - DEBUG - NO CHANGE: URL not found in "./assets\tybayn.github.io\guardplot\assets\vendor\bootstrap\css\bootstrap.min.css"
2025-08-12 09:44:42,530 - DEBUG - NO CHANGE: URL not found in "./assets\tybayn.github.io\guardplot\assets\vendor\bootstrap\js\bootstrap.bundle.min.js"
2025-08-12 09:44:42,531 - DEBUG - NO CHANGE: URL not found in "./assets\tybayn.github.io\guardplot\assets\vendor\font-awesome\css\all.min.css"
2025-08-12 09:44:42,531 - DEBUG - NO CHANGE: URL not found in "./assets\tybayn.github.io\guardplot\assets\vendor\highlight.js\highlight.min.js"
2025-08-12 09:44:42,532 - DEBUG - NO CHANGE: URL not found in "./assets\tybayn.github.io\guardplot\assets\vendor\highlight.js\styles\github.css"
2025-08-12 09:44:42,532 - DEBUG - NO CHANGE: URL not found in "./assets\tybayn.github.io\guardplot\assets\vendor\jquery\jquery.min.js"
2025-08-12 09:44:42,532 - DEBUG - NO CHANGE: URL not found in "./assets\tybayn.github.io\guardplot\assets\vendor\jquery.easing\jquery.easing.min.js"
2025-08-12 09:44:42,533 - DEBUG - NO CHANGE: URL not found in "./assets\tybayn.github.io\guardplot\assets\vendor\magnific-popup\jquery.magnific-popup.min.js"
2025-08-12 09:44:42,533 - DEBUG - NO CHANGE: URL not found in "./assets\tybayn.github.io\guardplot\assets\vendor\magnific-popup\magnific-popup.min.css"
2025-08-12 09:44:42,534 - DEBUG - NO CHANGE: URL not found in "./assets\tybayn.github.io\js\bootstrap.min.js"
2025-08-12 09:44:42,534 - DEBUG - NO CHANGE: URL not found in "./assets\tybayn.github.io\js\jquery-1.9.1.min.js"
2025-08-12 09:44:42,534 - DEBUG - NO CHANGE: URL not found in "./assets\tybayn.github.io\js\jquery.singlePageNav.min.js"
2025-08-12 09:44:42,534 - DEBUG - NO CHANGE: URL not found in "./assets\tybayn.github.io\magnific-popup\jquery.magnific-popup.min.js"
2025-08-12 09:44:42,535 - DEBUG - NO CHANGE: URL not found in "./assets\tybayn.github.io\magnific-popup\magnific-popup.css"
2025-08-12 09:44:42,536 - DEBUG - NO CHANGE: URL not found in "./assets\tybayn.github.io\phasmo-cheat-sheet\discord-v9\discord-v1.css"
2025-08-12 09:44:42,536 - DEBUG - NO CHANGE: URL not found in "./assets\tybayn.github.io\phasmo-cheat-sheet\discord-v9\discord-v1.js"
2025-08-12 09:44:42,536 - DEBUG - NO CHANGE: URL not found in "./assets\tybayn.github.io\phasmo-cheat-sheet\events-v9\events-v1.css"
2025-08-12 09:44:42,536 - DEBUG - NO CHANGE: URL not found in "./assets\tybayn.github.io\phasmo-cheat-sheet\events-v9\events-v1.js"
2025-08-12 09:44:42,537 - DEBUG - NO CHANGE: URL not found in "./assets\tybayn.github.io\phasmo-cheat-sheet\feed-v9\feed-v1.css"
2025-08-12 09:44:42,537 - DEBUG - NO CHANGE: URL not found in "./assets\tybayn.github.io\phasmo-cheat-sheet\feed-v9\feed-v1.js"
2025-08-12 09:44:42,538 - DEBUG - NO CHANGE: URL not found in "./assets\tybayn.github.io\phasmo-cheat-sheet\jquery\jquery-3.6.2.min.js"
2025-08-12 09:44:42,538 - DEBUG - NO CHANGE: URL not found in "./assets\tybayn.github.io\phasmo-cheat-sheet\lang-v9\lang-v3.js"
2025-08-12 09:44:42,538 - DEBUG - NO CHANGE: URL not found in "./assets\tybayn.github.io\phasmo-cheat-sheet\lang-v9\en\override.css"
2025-08-12 09:44:42,539 - DEBUG - NO CHANGE: URL not found in "./assets\tybayn.github.io\phasmo-cheat-sheet\models-v9\models-v1.css"
2025-08-12 09:44:42,539 - DEBUG - NO CHANGE: URL not found in "./assets\tybayn.github.io\phasmo-cheat-sheet\models-v9\models-v1.js"
2025-08-12 09:44:42,539 - DEBUG - NO CHANGE: URL not found in "./assets\tybayn.github.io\phasmo-cheat-sheet\scripts-v9\audio_controller-v1.js"
2025-08-12 09:44:42,539 - DEBUG - NO CHANGE: URL not found in "./assets\tybayn.github.io\phasmo-cheat-sheet\scripts-v9\filter-v1.js"
2025-08-12 09:44:42,540 - DEBUG - NO CHANGE: URL not found in "./assets\tybayn.github.io\phasmo-cheat-sheet\scripts-v9\ghost_template-v1.js"
2025-08-12 09:44:42,540 - DEBUG - NO CHANGE: URL not found in "./assets\tybayn.github.io\phasmo-cheat-sheet\scripts-v9\metronome-v1.js"
2025-08-12 09:44:42,540 - DEBUG - NO CHANGE: URL not found in "./assets\tybayn.github.io\phasmo-cheat-sheet\scripts-v9\sanity-v1.js"
2025-08-12 09:44:42,540 - DEBUG - NO CHANGE: URL not found in "./assets\tybayn.github.io\phasmo-cheat-sheet\scripts-v9\search-v1.js"
2025-08-12 09:44:42,541 - DEBUG - NO CHANGE: URL not found in "./assets\tybayn.github.io\phasmo-cheat-sheet\scripts-v9\sparkles-v1.js"
2025-08-12 09:44:42,541 - DEBUG - NO CHANGE: URL not found in "./assets\tybayn.github.io\phasmo-cheat-sheet\scripts-v9\timer-v4.js"
2025-08-12 09:44:42,541 - DEBUG - NO CHANGE: URL not found in "./assets\tybayn.github.io\phasmo-cheat-sheet\scripts-v9\utils-v1.js"
2025-08-12 09:44:42,541 - DEBUG - NO CHANGE: URL not found in "./assets\tybayn.github.io\phasmo-cheat-sheet\scripts-v9\voice_en-v1.js"
2025-08-12 09:44:42,542 - DEBUG - NO CHANGE: URL not found in "./assets\tybayn.github.io\phasmo-cheat-sheet\scripts-v9\voice_recognition-v1.js"
2025-08-12 09:44:42,542 - DEBUG - NO CHANGE: URL not found in "./assets\tybayn.github.io\phasmo-cheat-sheet\scripts-v9\wslink-v2.js"
2025-08-12 09:44:42,542 - DEBUG - NO CHANGE: URL not found in "./assets\tybayn.github.io\phasmo-cheat-sheet\scripts-v9\zn-v1.js"
2025-08-12 09:44:42,543 - DEBUG - NO CHANGE: URL not found in "./assets\tybayn.github.io\phasmo-cheat-sheet\styles-v9\sparkles-v1.css"
2025-08-12 09:44:42,543 - DEBUG - NO CHANGE: URL not found in "./assets\tybayn.github.io\phasmo-cheat-sheet\styles-v9\style-mobile-v5.css"
2025-08-12 09:44:42,543 - DEBUG - NO CHANGE: URL not found in "./assets\tybayn.github.io\phasmo-cheat-sheet\styles-v9\style-v5.css"
2025-08-12 09:44:42,544 - DEBUG - NO CHANGE: URL not found in "./assets\tybayn.github.io\phasmo-cheat-sheet\styles-v9\plugins-v1\makeship-v1.css"
2025-08-12 09:44:42,544 - DEBUG - NO CHANGE: URL not found in "./assets\tybayn.github.io\phasmo-cheat-sheet\styles-v9\plugins-v1\musicboxstore-v1.css"
2025-08-12 09:44:42,544 - DEBUG - NO CHANGE: URL not found in "./assets\tybayn.github.io\phasmo-cheat-sheet\styles-v9\plugins-v1\plugins-v1.css"
2025-08-12 09:44:42,545 - DEBUG - NO CHANGE: URL not found in "./assets\tybayn.github.io\phasmo-cheat-sheet\themes-v9\themes-v1.css"
2025-08-12 09:44:42,545 - DEBUG - NO CHANGE: URL not found in "./assets\tybayn.github.io\phasmo-cheat-sheet\themes-v9\themes-v1.js"
2025-08-12 09:44:42,545 - DEBUG - NO CHANGE: URL not found in "./assets\tybayn.github.io\phasmo-cheat-sheet\wiki-v9\wiki-spoiler-v1.css"
2025-08-12 09:44:42,545 - DEBUG - NO CHANGE: URL not found in "./assets\tybayn.github.io\phasmo-cheat-sheet\wiki-v9\wiki-v1.css"
2025-08-12 09:44:42,546 - DEBUG - NO CHANGE: URL not found in "./assets\tybayn.github.io\phasmo-cheat-sheet\wiki-v9\wiki-v2.js"
2025-08-12 09:44:42,546 - DEBUG - NO CHANGE: URL not found in "./assets\unpkg.com\ionicons@5.0.0\dist\ionicons.js"
2025-08-12 09:44:42,547 - DEBUG - NO CHANGE: URL not found in "./assets\unpkg.com\ionicons@5.0.0\dist\ionicons\ionicons.esm.js"
2025-08-12 09:44:42,547 - DEBUG - NO CHANGE: URL not found in "./assets\unpkg.com\ionicons@5.0.0\dist\ionicons\ionicons.js"
2025-08-12 09:44:42,548 - DEBUG - NO CHANGE: URL not found in "./assets\unpkg.com\ionicons@5.5.2\dist\ionicons\ionicons.esm.js"
2025-08-12 09:44:42,548 - DEBUG - NO CHANGE: URL not found in "./assets\unpkg.com\ionicons@5.5.2\dist\ionicons\ionicons.js"
2025-08-12 09:44:42,549 - DEBUG - NO CHANGE: URL not found in "./assets\unpkg.com\powerglitch@latest\dist\powerglitch.min.js"
2025-08-12 09:44:42,549 - DEBUG - NO CHANGE: URL not found in "./assets\zero-network.net\jquery\jquery-3.6.2.min.js"
2025-08-12 09:44:42,550 - DEBUG - NO CHANGE: URL not found in "./assets\zero-network.net\phasmo-cheat-sheet\difficulty-builder\jquery\jquery-3.6.2.min.js"
2025-08-12 09:44:42,551 - DEBUG - NO CHANGE: URL not found in "./assets\zero-network.net\phasmo-cheat-sheet\difficulty-builder\scripts-v1\discord-v5.js"
2025-08-12 09:44:42,551 - DEBUG - NO CHANGE: URL not found in "./assets\zero-network.net\phasmo-cheat-sheet\difficulty-builder\scripts-v1\scripts-v8.js"
2025-08-12 09:44:42,551 - DEBUG - NO CHANGE: URL not found in "./assets\zero-network.net\phasmo-cheat-sheet\difficulty-builder\styles-v1\styles-mobile-v5.css"
2025-08-12 09:44:42,552 - DEBUG - NO CHANGE: URL not found in "./assets\zero-network.net\phasmo-cheat-sheet\difficulty-builder\styles-v1\styles-v3.css"
2025-08-12 09:44:42,553 - DEBUG - NO CHANGE: URL not found in "./assets\zero-network.net\phasmo-cheat-sheet\map-explorer\jquery\jquery-3.6.2.min.js"
2025-08-12 09:44:42,553 - DEBUG - NO CHANGE: URL not found in "./assets\zero-network.net\phasmo-cheat-sheet\map-explorer\scripts-v4\loader-v1.js"
2025-08-12 09:44:42,553 - DEBUG - NO CHANGE: URL not found in "./assets\zero-network.net\phasmo-cheat-sheet\map-explorer\scripts-v4\maps-v1.js"
2025-08-12 09:44:42,553 - DEBUG - NO CHANGE: URL not found in "./assets\zero-network.net\phasmo-cheat-sheet\map-explorer\scripts-v4\splitting.min.js"
2025-08-12 09:44:42,554 - DEBUG - NO CHANGE: URL not found in "./assets\zero-network.net\phasmo-cheat-sheet\map-explorer\scripts-v4\wslink-v1.js"
2025-08-12 09:44:42,554 - DEBUG - NO CHANGE: URL not found in "./assets\zero-network.net\phasmo-cheat-sheet\map-explorer\styles-v4\maps-v2.css"
2025-08-12 09:44:42,555 - DEBUG - NO CHANGE: URL not found in "./assets\zero-network.net\phasmo-cheat-sheet\mobile-link\scripts-v1\discord-v1.js"
2025-08-12 09:44:42,555 - DEBUG - NO CHANGE: URL not found in "./assets\zero-network.net\phasmo-cheat-sheet\mobile-link\scripts-v1\link-v7.js"
2025-08-12 09:44:42,555 - DEBUG - NO CHANGE: URL not found in "./assets\zero-network.net\phasmo-cheat-sheet\mobile-link\scripts-v1\timer-v2.js"
2025-08-12 09:44:42,555 - DEBUG - NO CHANGE: URL not found in "./assets\zero-network.net\phasmo-cheat-sheet\mobile-link\styles-v1\styles-v11.css"
2025-08-12 09:44:42,556 - DEBUG - NO CHANGE: URL not found in "./assets\zero-network.net\phasmophobia\data\3d-models.json"
2025-08-12 09:44:42,556 - DEBUG - NO CHANGE: URL not found in "./assets\zero-network.net\phasmophobia\data\events.json"
2025-08-12 09:44:42,557 - DEBUG - NO CHANGE: URL not found in "./assets\zero-network.net\styles\style.css"
2025-08-12 09:44:42,557 - DEBUG - NO CHANGE: URL not found in "./difficulty-builder\index.html"
2025-08-12 09:44:42,558 - DEBUG - NO CHANGE: URL not found in "./discord-v9\discord-v1.css"
2025-08-12 09:44:42,558 - DEBUG - NO CHANGE: URL not found in "./discord-v9\discord-v1.js"
2025-08-12 09:44:42,558 - DEBUG - NO CHANGE: URL not found in "./events-v9\events-v1.css"
2025-08-12 09:44:42,558 - DEBUG - NO CHANGE: URL not found in "./events-v9\events-v1.js"
2025-08-12 09:44:42,559 - DEBUG - NO CHANGE: URL not found in "./feed-v9\feed-v1.css"
2025-08-12 09:44:42,559 - DEBUG - NO CHANGE: URL not found in "./feed-v9\feed-v1.js"
2025-08-12 09:44:42,560 - DEBUG - NO CHANGE: URL not found in "./jquery\jquery-3.6.2.min.js"
2025-08-12 09:44:42,560 - DEBUG - NO CHANGE: URL not found in "./lang-v9\lang-v3.js"
2025-08-12 09:44:42,561 - DEBUG - NO CHANGE: URL not found in "./lang-v9\de\data.json"
2025-08-12 09:44:42,561 - DEBUG - NO CHANGE: URL not found in "./lang-v9\de\override.css"
2025-08-12 09:44:42,561 - DEBUG - NO CHANGE: URL not found in "./lang-v9\de\wiki.json"
2025-08-12 09:44:42,562 - DEBUG - NO CHANGE: URL not found in "./lang-v9\en\data.json"
2025-08-12 09:44:42,562 - DEBUG - NO CHANGE: URL not found in "./lang-v9\en\override.css"
2025-08-12 09:44:42,562 - DEBUG - NO CHANGE: URL not found in "./lang-v9\en\wiki.json"
2025-08-12 09:44:42,563 - DEBUG - NO CHANGE: URL not found in "./lang-v9\es\data.json"
2025-08-12 09:44:42,563 - DEBUG - NO CHANGE: URL not found in "./lang-v9\es\override.css"
2025-08-12 09:44:42,563 - DEBUG - NO CHANGE: URL not found in "./lang-v9\es\wiki.json"
2025-08-12 09:44:42,564 - DEBUG - NO CHANGE: URL not found in "./lang-v9\fr\data.json"
2025-08-12 09:44:42,564 - DEBUG - NO CHANGE: URL not found in "./lang-v9\fr\override.css"
2025-08-12 09:44:42,565 - DEBUG - NO CHANGE: URL not found in "./lang-v9\fr\wiki.json"
2025-08-12 09:44:42,565 - DEBUG - NO CHANGE: URL not found in "./lang-v9\ko\data.json"
2025-08-12 09:44:42,565 - DEBUG - NO CHANGE: URL not found in "./lang-v9\ko\override.css"
2025-08-12 09:44:42,566 - DEBUG - NO CHANGE: URL not found in "./lang-v9\ko\wiki.json"
2025-08-12 09:44:42,566 - DEBUG - NO CHANGE: URL not found in "./lang-v9\pt-br\data.json"
2025-08-12 09:44:42,566 - DEBUG - NO CHANGE: URL not found in "./lang-v9\pt-br\override.css"
2025-08-12 09:44:42,567 - DEBUG - NO CHANGE: URL not found in "./lang-v9\pt-br\wiki.json"
2025-08-12 09:44:42,567 - DEBUG - NO CHANGE: URL not found in "./lang-v9\tr\data.json"
2025-08-12 09:44:42,568 - DEBUG - NO CHANGE: URL not found in "./lang-v9\tr\override.css"
2025-08-12 09:44:42,568 - DEBUG - NO CHANGE: URL not found in "./lang-v9\tr\wiki.json"
2025-08-12 09:44:42,569 - DEBUG - NO CHANGE: URL not found in "./lang-v9\zh-cn\data.json"
2025-08-12 09:44:42,569 - DEBUG - NO CHANGE: URL not found in "./lang-v9\zh-cn\override.css"
2025-08-12 09:44:42,569 - DEBUG - NO CHANGE: URL not found in "./lang-v9\zh-cn\wiki.json"
2025-08-12 09:44:42,570 - DEBUG - NO CHANGE: URL not found in "./map-explorer\index.html"
2025-08-12 09:44:42,570 - DEBUG - NO CHANGE: URL not found in "./mini\index.html"
2025-08-12 09:44:42,570 - DEBUG - NO CHANGE: URL not found in "./mobile-link\index.html"
2025-08-12 09:44:42,571 - DEBUG - NO CHANGE: URL not found in "./models-v9\models-v1.css"
2025-08-12 09:44:42,571 - DEBUG - NO CHANGE: URL not found in "./models-v9\models-v1.js"
2025-08-12 09:44:42,572 - DEBUG - NO CHANGE: URL not found in "./phasmo-cheat-sheet\difficulty-builder\jquery\jquery-3.6.2.min.js"
2025-08-12 09:44:42,572 - DEBUG - NO CHANGE: URL not found in "./phasmo-cheat-sheet\difficulty-builder\scripts-v1\discord-v5.js"
2025-08-12 09:44:42,573 - DEBUG - NO CHANGE: URL not found in "./phasmo-cheat-sheet\difficulty-builder\scripts-v1\scripts-v8.js"
2025-08-12 09:44:42,573 - DEBUG - NO CHANGE: URL not found in "./phasmo-cheat-sheet\difficulty-builder\styles-v1\styles-mobile-v5.css"
2025-08-12 09:44:42,573 - DEBUG - NO CHANGE: URL not found in "./phasmo-cheat-sheet\difficulty-builder\styles-v1\styles-v3.css"
2025-08-12 09:44:42,574 - DEBUG - NO CHANGE: URL not found in "./phasmo-cheat-sheet\map-explorer\jquery\jquery-3.6.2.min.js"
2025-08-12 09:44:42,574 - DEBUG - NO CHANGE: URL not found in "./phasmo-cheat-sheet\map-explorer\scripts-v4\loader-v1.js"
2025-08-12 09:44:42,575 - DEBUG - NO CHANGE: URL not found in "./phasmo-cheat-sheet\map-explorer\scripts-v4\maps-v1.js"
2025-08-12 09:44:42,575 - DEBUG - NO CHANGE: URL not found in "./phasmo-cheat-sheet\map-explorer\scripts-v4\splitting.min.js"
2025-08-12 09:44:42,575 - DEBUG - NO CHANGE: URL not found in "./phasmo-cheat-sheet\map-explorer\scripts-v4\wslink-v1.js"
2025-08-12 09:44:42,575 - DEBUG - NO CHANGE: URL not found in "./phasmo-cheat-sheet\map-explorer\styles-v4\maps-v2.css"
2025-08-12 09:44:42,576 - DEBUG - NO CHANGE: URL not found in "./phasmo-cheat-sheet\mobile-link\scripts-v1\discord-v1.js"
2025-08-12 09:44:42,576 - DEBUG - NO CHANGE: URL not found in "./phasmo-cheat-sheet\mobile-link\scripts-v1\link-v7.js"
2025-08-12 09:44:42,577 - DEBUG - NO CHANGE: URL not found in "./phasmo-cheat-sheet\mobile-link\scripts-v1\timer-v2.js"
2025-08-12 09:44:42,577 - DEBUG - NO CHANGE: URL not found in "./phasmo-cheat-sheet\mobile-link\styles-v1\styles-v11.css"
2025-08-12 09:44:42,577 - DEBUG - NO CHANGE: URL not found in "./phasmophobia\data\3d-models.json"
2025-08-12 09:44:42,578 - DEBUG - NO CHANGE: URL not found in "./phasmophobia\data\events.json"
2025-08-12 09:44:42,578 - DEBUG - NO CHANGE: URL not found in "./scripts-v9\audio_controller-v1.js"
2025-08-12 09:44:42,579 - DEBUG - NO CHANGE: URL not found in "./scripts-v9\filter-v1.js"
2025-08-12 09:44:42,579 - DEBUG - NO CHANGE: URL not found in "./scripts-v9\ghost_template-v1.js"
2025-08-12 09:44:42,579 - DEBUG - NO CHANGE: URL not found in "./scripts-v9\metronome-v1.js"
2025-08-12 09:44:42,579 - DEBUG - NO CHANGE: URL not found in "./scripts-v9\sanity-v1.js"
2025-08-12 09:44:42,580 - DEBUG - NO CHANGE: URL not found in "./scripts-v9\search-v1.js"
2025-08-12 09:44:42,580 - DEBUG - NO CHANGE: URL not found in "./scripts-v9\sparkles-v1.js"
2025-08-12 09:44:42,580 - DEBUG - NO CHANGE: URL not found in "./scripts-v9\timer-v4.js"
2025-08-12 09:44:42,580 - DEBUG - NO CHANGE: URL not found in "./scripts-v9\utils-v1.js"
2025-08-12 09:44:42,581 - DEBUG - NO CHANGE: URL not found in "./scripts-v9\voice_en-v1.js"
2025-08-12 09:44:42,581 - DEBUG - NO CHANGE: URL not found in "./scripts-v9\voice_recognition-v1.js"
2025-08-12 09:44:42,581 - DEBUG - NO CHANGE: URL not found in "./scripts-v9\wslink-v2.js"
2025-08-12 09:44:42,581 - DEBUG - NO CHANGE: URL not found in "./scripts-v9\zn-v1.js"
2025-08-12 09:44:42,582 - DEBUG - NO CHANGE: URL not found in "./styles\style.css"
2025-08-12 09:44:42,582 - DEBUG - NO CHANGE: URL not found in "./styles-v9\sparkles-v1.css"
2025-08-12 09:44:42,582 - DEBUG - NO CHANGE: URL not found in "./styles-v9\style-mobile-v5.css"
2025-08-12 09:44:42,583 - DEBUG - NO CHANGE: URL not found in "./styles-v9\style-v5.css"
2025-08-12 09:44:42,583 - DEBUG - NO CHANGE: URL not found in "./styles-v9\fonts\LICENSE- caveat.txt"
2025-08-12 09:44:42,584 - DEBUG - NO CHANGE: URL not found in "./styles-v9\plugins-v1\makeship-v1.css"
2025-08-12 09:44:42,584 - DEBUG - NO CHANGE: URL not found in "./styles-v9\plugins-v1\musicboxstore-v1.css"
2025-08-12 09:44:42,584 - DEBUG - NO CHANGE: URL not found in "./styles-v9\plugins-v1\plugins-v1.css"
2025-08-12 09:44:42,584 - DEBUG - NO CHANGE: URL not found in "./themes-v9\themes-v1.css"
2025-08-12 09:44:42,584 - DEBUG - NO CHANGE: URL not found in "./themes-v9\themes-v1.js"
2025-08-12 09:44:42,585 - DEBUG - NO CHANGE: URL not found in "./wiki-v9\wiki-spoiler-v1.css"
2025-08-12 09:44:42,585 - DEBUG - NO CHANGE: URL not found in "./wiki-v9\wiki-v1.css"
2025-08-12 09:44:42,585 - DEBUG - NO CHANGE: URL not found in "./wiki-v9\wiki-v2.js"
2025-08-12 09:44:42,586 - DEBUG - NO CHANGE: URL not found in "./wiki-v9\wiki-v5.html"
2025-08-12 09:44:42,586 - INFO - URL replacement process completed.
2025-08-12 09:56:14,155 - INFO - Starting URL replacement: "http://localhost:8000/phasmophobia/static/assets" -> "http://localhost:8000/assets" in directory: "./"
2025-08-12 09:56:14,159 - DEBUG - NO CHANGE: URL not found in "./index.html"
2025-08-12 09:56:14,162 - DEBUG - NO CHANGE: URL not found in "./assets\cdn.jsdelivr.net\npm\@photo-sphere-viewer\core\index.min.css"
2025-08-12 09:56:14,162 - DEBUG - NO CHANGE: URL not found in "./assets\cdn.jsdelivr.net\npm\@photo-sphere-viewer\virtual-tour-plugin@5\index.css"
2025-08-12 09:56:14,163 - DEBUG - NO CHANGE: URL not found in "./assets\data\3d-models.json"
2025-08-12 09:56:14,163 - DEBUG - NO CHANGE: URL not found in "./assets\data\event.json"
2025-08-12 09:56:14,165 - DEBUG - NO CHANGE: URL not found in "./assets\extern\ajax.googleapis.com\ajax\libs\jquery\3.7.1\jquery.min.js"
2025-08-12 09:56:14,168 - DEBUG - NO CHANGE: URL not found in "./assets\extern\www.w3schools.com\w3css\4\w3.css"
2025-08-12 09:56:14,169 - DEBUG - NO CHANGE: URL not found in "./assets\tybayn.github.io\css\bootstrap.min.css"
2025-08-12 09:56:14,170 - DEBUG - NO CHANGE: URL not found in "./assets\tybayn.github.io\css\star-background.css"
2025-08-12 09:56:14,170 - DEBUG - NO CHANGE: URL not found in "./assets\tybayn.github.io\css\style.css"
2025-08-12 09:56:14,171 - DEBUG - NO CHANGE: URL not found in "./assets\tybayn.github.io\edge-project\assets\css\color-green.css"
2025-08-12 09:56:14,171 - DEBUG - NO CHANGE: URL not found in "./assets\tybayn.github.io\edge-project\assets\css\stylesheet.css"
2025-08-12 09:56:14,172 - DEBUG - NO CHANGE: URL not found in "./assets\tybayn.github.io\edge-project\assets\js\theme.js"
2025-08-12 09:56:14,173 - DEBUG - NO CHANGE: URL not found in "./assets\tybayn.github.io\edge-project\assets\vendor\bootstrap\css\bootstrap.min.css"
2025-08-12 09:56:14,174 - DEBUG - NO CHANGE: URL not found in "./assets\tybayn.github.io\edge-project\assets\vendor\bootstrap\js\bootstrap.bundle.min.js"
2025-08-12 09:56:14,174 - DEBUG - NO CHANGE: URL not found in "./assets\tybayn.github.io\edge-project\assets\vendor\font-awesome\css\all.min.css"
2025-08-12 09:56:14,175 - DEBUG - NO CHANGE: URL not found in "./assets\tybayn.github.io\edge-project\assets\vendor\highlight.js\highlight.min.js"
2025-08-12 09:56:14,175 - DEBUG - NO CHANGE: URL not found in "./assets\tybayn.github.io\edge-project\assets\vendor\highlight.js\styles\github.css"
2025-08-12 09:56:14,176 - DEBUG - NO CHANGE: URL not found in "./assets\tybayn.github.io\edge-project\assets\vendor\jquery\jquery.min.js"
2025-08-12 09:56:14,176 - DEBUG - NO CHANGE: URL not found in "./assets\tybayn.github.io\edge-project\assets\vendor\jquery.easing\jquery.easing.min.js"
2025-08-12 09:56:14,177 - DEBUG - NO CHANGE: URL not found in "./assets\tybayn.github.io\edge-project\assets\vendor\magnific-popup\jquery.magnific-popup.min.js"
2025-08-12 09:56:14,177 - DEBUG - NO CHANGE: URL not found in "./assets\tybayn.github.io\edge-project\assets\vendor\magnific-popup\magnific-popup.min.css"
2025-08-12 09:56:14,177 - DEBUG - NO CHANGE: URL not found in "./assets\tybayn.github.io\fontawesome-5.5\css\all.min.css"
2025-08-12 09:56:14,178 - DEBUG - NO CHANGE: URL not found in "./assets\tybayn.github.io\fonts\phonesoap-fonts.css"
2025-08-12 09:56:14,179 - DEBUG - NO CHANGE: URL not found in "./assets\tybayn.github.io\guardplot\assets\css\color-purple.css"
2025-08-12 09:56:14,179 - DEBUG - NO CHANGE: URL not found in "./assets\tybayn.github.io\guardplot\assets\css\stylesheet.css"
2025-08-12 09:56:14,180 - DEBUG - NO CHANGE: URL not found in "./assets\tybayn.github.io\guardplot\assets\js\theme.js"
2025-08-12 09:56:14,181 - DEBUG - NO CHANGE: URL not found in "./assets\tybayn.github.io\guardplot\assets\vendor\bootstrap\css\bootstrap.min.css"
2025-08-12 09:56:14,181 - DEBUG - NO CHANGE: URL not found in "./assets\tybayn.github.io\guardplot\assets\vendor\bootstrap\js\bootstrap.bundle.min.js"
2025-08-12 09:56:14,182 - DEBUG - NO CHANGE: URL not found in "./assets\tybayn.github.io\guardplot\assets\vendor\font-awesome\css\all.min.css"
2025-08-12 09:56:14,182 - DEBUG - NO CHANGE: URL not found in "./assets\tybayn.github.io\guardplot\assets\vendor\highlight.js\highlight.min.js"
2025-08-12 09:56:14,183 - DEBUG - NO CHANGE: URL not found in "./assets\tybayn.github.io\guardplot\assets\vendor\highlight.js\styles\github.css"
2025-08-12 09:56:14,183 - DEBUG - NO CHANGE: URL not found in "./assets\tybayn.github.io\guardplot\assets\vendor\jquery\jquery.min.js"
2025-08-12 09:56:14,184 - DEBUG - NO CHANGE: URL not found in "./assets\tybayn.github.io\guardplot\assets\vendor\jquery.easing\jquery.easing.min.js"
2025-08-12 09:56:14,184 - DEBUG - NO CHANGE: URL not found in "./assets\tybayn.github.io\guardplot\assets\vendor\magnific-popup\jquery.magnific-popup.min.js"
2025-08-12 09:56:14,184 - DEBUG - NO CHANGE: URL not found in "./assets\tybayn.github.io\guardplot\assets\vendor\magnific-popup\magnific-popup.min.css"
2025-08-12 09:56:14,185 - DEBUG - NO CHANGE: URL not found in "./assets\tybayn.github.io\js\bootstrap.min.js"
2025-08-12 09:56:14,185 - DEBUG - NO CHANGE: URL not found in "./assets\tybayn.github.io\js\jquery-1.9.1.min.js"
2025-08-12 09:56:14,185 - DEBUG - NO CHANGE: URL not found in "./assets\tybayn.github.io\js\jquery.singlePageNav.min.js"
2025-08-12 09:56:14,186 - DEBUG - NO CHANGE: URL not found in "./assets\tybayn.github.io\magnific-popup\jquery.magnific-popup.min.js"
2025-08-12 09:56:14,186 - DEBUG - NO CHANGE: URL not found in "./assets\tybayn.github.io\magnific-popup\magnific-popup.css"
2025-08-12 09:56:14,187 - DEBUG - NO CHANGE: URL not found in "./assets\tybayn.github.io\phasmo-cheat-sheet\discord-v9\discord-v1.css"
2025-08-12 09:56:14,187 - DEBUG - NO CHANGE: URL not found in "./assets\tybayn.github.io\phasmo-cheat-sheet\discord-v9\discord-v1.js"
2025-08-12 09:56:14,188 - DEBUG - NO CHANGE: URL not found in "./assets\tybayn.github.io\phasmo-cheat-sheet\events-v9\events-v1.css"
2025-08-12 09:56:14,188 - DEBUG - NO CHANGE: URL not found in "./assets\tybayn.github.io\phasmo-cheat-sheet\events-v9\events-v1.js"
2025-08-12 09:56:14,188 - DEBUG - NO CHANGE: URL not found in "./assets\tybayn.github.io\phasmo-cheat-sheet\feed-v9\feed-v1.css"
2025-08-12 09:56:14,189 - DEBUG - NO CHANGE: URL not found in "./assets\tybayn.github.io\phasmo-cheat-sheet\feed-v9\feed-v1.js"
2025-08-12 09:56:14,189 - DEBUG - NO CHANGE: URL not found in "./assets\tybayn.github.io\phasmo-cheat-sheet\jquery\jquery-3.6.2.min.js"
2025-08-12 09:56:14,190 - DEBUG - NO CHANGE: URL not found in "./assets\tybayn.github.io\phasmo-cheat-sheet\lang-v9\lang-v3.js"
2025-08-12 09:56:14,190 - DEBUG - NO CHANGE: URL not found in "./assets\tybayn.github.io\phasmo-cheat-sheet\lang-v9\en\override.css"
2025-08-12 09:56:14,190 - DEBUG - NO CHANGE: URL not found in "./assets\tybayn.github.io\phasmo-cheat-sheet\models-v9\models-v1.css"
2025-08-12 09:56:14,191 - DEBUG - NO CHANGE: URL not found in "./assets\tybayn.github.io\phasmo-cheat-sheet\models-v9\models-v1.js"
2025-08-12 09:56:14,191 - DEBUG - NO CHANGE: URL not found in "./assets\tybayn.github.io\phasmo-cheat-sheet\scripts-v9\audio_controller-v1.js"
2025-08-12 09:56:14,192 - DEBUG - NO CHANGE: URL not found in "./assets\tybayn.github.io\phasmo-cheat-sheet\scripts-v9\filter-v1.js"
2025-08-12 09:56:14,192 - DEBUG - NO CHANGE: URL not found in "./assets\tybayn.github.io\phasmo-cheat-sheet\scripts-v9\ghost_template-v1.js"
2025-08-12 09:56:14,193 - INFO - SUCCESS: Replaced URL in "./assets\tybayn.github.io\phasmo-cheat-sheet\scripts-v9\metronome-v1.js"
2025-08-12 09:56:14,193 - DEBUG - NO CHANGE: URL not found in "./assets\tybayn.github.io\phasmo-cheat-sheet\scripts-v9\sanity-v1.js"
2025-08-12 09:56:14,193 - DEBUG - NO CHANGE: URL not found in "./assets\tybayn.github.io\phasmo-cheat-sheet\scripts-v9\search-v1.js"
2025-08-12 09:56:14,194 - DEBUG - NO CHANGE: URL not found in "./assets\tybayn.github.io\phasmo-cheat-sheet\scripts-v9\sparkles-v1.js"
2025-08-12 09:56:14,194 - DEBUG - NO CHANGE: URL not found in "./assets\tybayn.github.io\phasmo-cheat-sheet\scripts-v9\timer-v4.js"
2025-08-12 09:56:14,194 - DEBUG - NO CHANGE: URL not found in "./assets\tybayn.github.io\phasmo-cheat-sheet\scripts-v9\utils-v1.js"
2025-08-12 09:56:14,194 - DEBUG - NO CHANGE: URL not found in "./assets\tybayn.github.io\phasmo-cheat-sheet\scripts-v9\voice_en-v1.js"
2025-08-12 09:56:14,195 - DEBUG - NO CHANGE: URL not found in "./assets\tybayn.github.io\phasmo-cheat-sheet\scripts-v9\voice_recognition-v1.js"
2025-08-12 09:56:14,195 - DEBUG - NO CHANGE: URL not found in "./assets\tybayn.github.io\phasmo-cheat-sheet\scripts-v9\wslink-v2.js"
2025-08-12 09:56:14,196 - DEBUG - NO CHANGE: URL not found in "./assets\tybayn.github.io\phasmo-cheat-sheet\scripts-v9\zn-v1.js"
2025-08-12 09:56:14,196 - DEBUG - NO CHANGE: URL not found in "./assets\tybayn.github.io\phasmo-cheat-sheet\styles-v9\sparkles-v1.css"
2025-08-12 09:56:14,197 - DEBUG - NO CHANGE: URL not found in "./assets\tybayn.github.io\phasmo-cheat-sheet\styles-v9\style-mobile-v5.css"
2025-08-12 09:56:14,197 - DEBUG - NO CHANGE: URL not found in "./assets\tybayn.github.io\phasmo-cheat-sheet\styles-v9\style-v5.css"
2025-08-12 09:56:14,198 - DEBUG - NO CHANGE: URL not found in "./assets\tybayn.github.io\phasmo-cheat-sheet\styles-v9\plugins-v1\makeship-v1.css"
2025-08-12 09:56:14,198 - DEBUG - NO CHANGE: URL not found in "./assets\tybayn.github.io\phasmo-cheat-sheet\styles-v9\plugins-v1\musicboxstore-v1.css"
2025-08-12 09:56:14,198 - DEBUG - NO CHANGE: URL not found in "./assets\tybayn.github.io\phasmo-cheat-sheet\styles-v9\plugins-v1\plugins-v1.css"
2025-08-12 09:56:14,198 - DEBUG - NO CHANGE: URL not found in "./assets\tybayn.github.io\phasmo-cheat-sheet\themes-v9\themes-v1.css"
2025-08-12 09:56:14,199 - DEBUG - NO CHANGE: URL not found in "./assets\tybayn.github.io\phasmo-cheat-sheet\themes-v9\themes-v1.js"
2025-08-12 09:56:14,199 - DEBUG - NO CHANGE: URL not found in "./assets\tybayn.github.io\phasmo-cheat-sheet\wiki-v9\wiki-spoiler-v1.css"
2025-08-12 09:56:14,199 - DEBUG - NO CHANGE: URL not found in "./assets\tybayn.github.io\phasmo-cheat-sheet\wiki-v9\wiki-v1.css"
2025-08-12 09:56:14,200 - DEBUG - NO CHANGE: URL not found in "./assets\tybayn.github.io\phasmo-cheat-sheet\wiki-v9\wiki-v2.js"
2025-08-12 09:56:14,200 - DEBUG - NO CHANGE: URL not found in "./assets\unpkg.com\ionicons@5.0.0\dist\ionicons.js"
2025-08-12 09:56:14,201 - DEBUG - NO CHANGE: URL not found in "./assets\unpkg.com\ionicons@5.0.0\dist\ionicons\ionicons.esm.js"
2025-08-12 09:56:14,201 - DEBUG - NO CHANGE: URL not found in "./assets\unpkg.com\ionicons@5.0.0\dist\ionicons\ionicons.js"
2025-08-12 09:56:14,202 - DEBUG - NO CHANGE: URL not found in "./assets\unpkg.com\ionicons@5.5.2\dist\ionicons\ionicons.esm.js"
2025-08-12 09:56:14,202 - DEBUG - NO CHANGE: URL not found in "./assets\unpkg.com\ionicons@5.5.2\dist\ionicons\ionicons.js"
2025-08-12 09:56:14,203 - DEBUG - NO CHANGE: URL not found in "./assets\unpkg.com\powerglitch@latest\dist\powerglitch.min.js"
2025-08-12 09:56:14,204 - DEBUG - NO CHANGE: URL not found in "./assets\zero-network.net\jquery\jquery-3.6.2.min.js"
2025-08-12 09:56:14,205 - DEBUG - NO CHANGE: URL not found in "./assets\zero-network.net\phasmo-cheat-sheet\difficulty-builder\jquery\jquery-3.6.2.min.js"
2025-08-12 09:56:14,206 - DEBUG - NO CHANGE: URL not found in "./assets\zero-network.net\phasmo-cheat-sheet\difficulty-builder\scripts-v1\discord-v5.js"
2025-08-12 09:56:14,206 - DEBUG - NO CHANGE: URL not found in "./assets\zero-network.net\phasmo-cheat-sheet\difficulty-builder\scripts-v1\scripts-v8.js"
2025-08-12 09:56:14,206 - DEBUG - NO CHANGE: URL not found in "./assets\zero-network.net\phasmo-cheat-sheet\difficulty-builder\styles-v1\styles-mobile-v5.css"
2025-08-12 09:56:14,207 - DEBUG - NO CHANGE: URL not found in "./assets\zero-network.net\phasmo-cheat-sheet\difficulty-builder\styles-v1\styles-v3.css"
2025-08-12 09:56:14,208 - DEBUG - NO CHANGE: URL not found in "./assets\zero-network.net\phasmo-cheat-sheet\map-explorer\jquery\jquery-3.6.2.min.js"
2025-08-12 09:56:14,208 - DEBUG - NO CHANGE: URL not found in "./assets\zero-network.net\phasmo-cheat-sheet\map-explorer\scripts-v4\loader-v1.js"
2025-08-12 09:56:14,209 - DEBUG - NO CHANGE: URL not found in "./assets\zero-network.net\phasmo-cheat-sheet\map-explorer\scripts-v4\maps-v1.js"
2025-08-12 09:56:14,209 - DEBUG - NO CHANGE: URL not found in "./assets\zero-network.net\phasmo-cheat-sheet\map-explorer\scripts-v4\splitting.min.js"
2025-08-12 09:56:14,209 - DEBUG - NO CHANGE: URL not found in "./assets\zero-network.net\phasmo-cheat-sheet\map-explorer\scripts-v4\wslink-v1.js"
2025-08-12 09:56:14,209 - DEBUG - NO CHANGE: URL not found in "./assets\zero-network.net\phasmo-cheat-sheet\map-explorer\styles-v4\maps-v2.css"
2025-08-12 09:56:14,210 - DEBUG - NO CHANGE: URL not found in "./assets\zero-network.net\phasmo-cheat-sheet\mobile-link\scripts-v1\discord-v1.js"
2025-08-12 09:56:14,211 - DEBUG - NO CHANGE: URL not found in "./assets\zero-network.net\phasmo-cheat-sheet\mobile-link\scripts-v1\link-v7.js"
2025-08-12 09:56:14,211 - DEBUG - NO CHANGE: URL not found in "./assets\zero-network.net\phasmo-cheat-sheet\mobile-link\scripts-v1\timer-v2.js"
2025-08-12 09:56:14,211 - DEBUG - NO CHANGE: URL not found in "./assets\zero-network.net\phasmo-cheat-sheet\mobile-link\styles-v1\styles-v11.css"
2025-08-12 09:56:14,212 - DEBUG - NO CHANGE: URL not found in "./assets\zero-network.net\phasmophobia\data\3d-models.json"
2025-08-12 09:56:14,212 - DEBUG - NO CHANGE: URL not found in "./assets\zero-network.net\phasmophobia\data\events.json"
2025-08-12 09:56:14,213 - DEBUG - NO CHANGE: URL not found in "./assets\zero-network.net\styles\style.css"
2025-08-12 09:56:14,213 - DEBUG - NO CHANGE: URL not found in "./difficulty-builder\index.html"
2025-08-12 09:56:14,214 - DEBUG - NO CHANGE: URL not found in "./discord-v9\discord-v1.css"
2025-08-12 09:56:14,214 - DEBUG - NO CHANGE: URL not found in "./discord-v9\discord-v1.js"
2025-08-12 09:56:14,214 - DEBUG - NO CHANGE: URL not found in "./events-v9\events-v1.css"
2025-08-12 09:56:14,214 - DEBUG - NO CHANGE: URL not found in "./events-v9\events-v1.js"
2025-08-12 09:56:14,215 - DEBUG - NO CHANGE: URL not found in "./feed-v9\feed-v1.css"
2025-08-12 09:56:14,215 - DEBUG - NO CHANGE: URL not found in "./feed-v9\feed-v1.js"
2025-08-12 09:56:14,215 - DEBUG - NO CHANGE: URL not found in "./guardplot\index.html"
2025-08-12 09:56:14,216 - DEBUG - NO CHANGE: URL not found in "./jquery\jquery-3.6.2.min.js"
2025-08-12 09:56:14,217 - DEBUG - NO CHANGE: URL not found in "./lang-v9\lang-v3.js"
2025-08-12 09:56:14,218 - DEBUG - NO CHANGE: URL not found in "./lang-v9\de\data.json"
2025-08-12 09:56:14,218 - DEBUG - NO CHANGE: URL not found in "./lang-v9\de\override.css"
2025-08-12 09:56:14,218 - DEBUG - NO CHANGE: URL not found in "./lang-v9\de\wiki.json"
2025-08-12 09:56:14,219 - DEBUG - NO CHANGE: URL not found in "./lang-v9\en\data.json"
2025-08-12 09:56:14,219 - DEBUG - NO CHANGE: URL not found in "./lang-v9\en\override.css"
2025-08-12 09:56:14,220 - DEBUG - NO CHANGE: URL not found in "./lang-v9\en\wiki.json"
2025-08-12 09:56:14,220 - DEBUG - NO CHANGE: URL not found in "./lang-v9\es\data.json"
2025-08-12 09:56:14,220 - DEBUG - NO CHANGE: URL not found in "./lang-v9\es\override.css"
2025-08-12 09:56:14,221 - DEBUG - NO CHANGE: URL not found in "./lang-v9\es\wiki.json"
2025-08-12 09:56:14,221 - DEBUG - NO CHANGE: URL not found in "./lang-v9\fr\data.json"
2025-08-12 09:56:14,222 - DEBUG - NO CHANGE: URL not found in "./lang-v9\fr\override.css"
2025-08-12 09:56:14,222 - DEBUG - NO CHANGE: URL not found in "./lang-v9\fr\wiki.json"
2025-08-12 09:56:14,223 - DEBUG - NO CHANGE: URL not found in "./lang-v9\ko\data.json"
2025-08-12 09:56:14,223 - DEBUG - NO CHANGE: URL not found in "./lang-v9\ko\override.css"
2025-08-12 09:56:14,224 - DEBUG - NO CHANGE: URL not found in "./lang-v9\ko\wiki.json"
2025-08-12 09:56:14,224 - DEBUG - NO CHANGE: URL not found in "./lang-v9\pt-br\data.json"
2025-08-12 09:56:14,225 - DEBUG - NO CHANGE: URL not found in "./lang-v9\pt-br\override.css"
2025-08-12 09:56:14,225 - DEBUG - NO CHANGE: URL not found in "./lang-v9\pt-br\wiki.json"
2025-08-12 09:56:14,226 - DEBUG - NO CHANGE: URL not found in "./lang-v9\tr\data.json"
2025-08-12 09:56:14,226 - DEBUG - NO CHANGE: URL not found in "./lang-v9\tr\override.css"
2025-08-12 09:56:14,227 - DEBUG - NO CHANGE: URL not found in "./lang-v9\tr\wiki.json"
2025-08-12 09:56:14,227 - DEBUG - NO CHANGE: URL not found in "./lang-v9\zh-cn\data.json"
2025-08-12 09:56:14,227 - DEBUG - NO CHANGE: URL not found in "./lang-v9\zh-cn\override.css"
2025-08-12 09:56:14,228 - DEBUG - NO CHANGE: URL not found in "./lang-v9\zh-cn\wiki.json"
2025-08-12 09:56:14,229 - DEBUG - NO CHANGE: URL not found in "./map-explorer\index.html"
2025-08-12 09:56:14,229 - DEBUG - NO CHANGE: URL not found in "./mini\index.html"
2025-08-12 09:56:14,229 - DEBUG - NO CHANGE: URL not found in "./mobile-link\index.html"
2025-08-12 09:56:14,230 - DEBUG - NO CHANGE: URL not found in "./models-v9\models-v1.css"
2025-08-12 09:56:14,230 - DEBUG - NO CHANGE: URL not found in "./models-v9\models-v1.js"
2025-08-12 09:56:14,231 - DEBUG - NO CHANGE: URL not found in "./phasmo-cheat-sheet\difficulty-builder\jquery\jquery-3.6.2.min.js"
2025-08-12 09:56:14,232 - DEBUG - NO CHANGE: URL not found in "./phasmo-cheat-sheet\difficulty-builder\scripts-v1\discord-v5.js"
2025-08-12 09:56:14,232 - DEBUG - NO CHANGE: URL not found in "./phasmo-cheat-sheet\difficulty-builder\scripts-v1\scripts-v8.js"
2025-08-12 09:56:14,232 - DEBUG - NO CHANGE: URL not found in "./phasmo-cheat-sheet\difficulty-builder\styles-v1\styles-mobile-v5.css"
2025-08-12 09:56:14,233 - DEBUG - NO CHANGE: URL not found in "./phasmo-cheat-sheet\difficulty-builder\styles-v1\styles-v3.css"
2025-08-12 09:56:14,234 - DEBUG - NO CHANGE: URL not found in "./phasmo-cheat-sheet\map-explorer\jquery\jquery-3.6.2.min.js"
2025-08-12 09:56:14,234 - DEBUG - NO CHANGE: URL not found in "./phasmo-cheat-sheet\map-explorer\scripts-v4\loader-v1.js"
2025-08-12 09:56:14,235 - DEBUG - NO CHANGE: URL not found in "./phasmo-cheat-sheet\map-explorer\scripts-v4\maps-v1.js"
2025-08-12 09:56:14,235 - DEBUG - NO CHANGE: URL not found in "./phasmo-cheat-sheet\map-explorer\scripts-v4\splitting.min.js"
2025-08-12 09:56:14,235 - DEBUG - NO CHANGE: URL not found in "./phasmo-cheat-sheet\map-explorer\scripts-v4\wslink-v1.js"
2025-08-12 09:56:14,236 - DEBUG - NO CHANGE: URL not found in "./phasmo-cheat-sheet\map-explorer\styles-v4\maps-v2.css"
2025-08-12 09:56:14,236 - DEBUG - NO CHANGE: URL not found in "./phasmo-cheat-sheet\mobile-link\scripts-v1\discord-v1.js"
2025-08-12 09:56:14,237 - DEBUG - NO CHANGE: URL not found in "./phasmo-cheat-sheet\mobile-link\scripts-v1\link-v7.js"
2025-08-12 09:56:14,237 - DEBUG - NO CHANGE: URL not found in "./phasmo-cheat-sheet\mobile-link\scripts-v1\timer-v2.js"
2025-08-12 09:56:14,237 - DEBUG - NO CHANGE: URL not found in "./phasmo-cheat-sheet\mobile-link\styles-v1\styles-v11.css"
2025-08-12 09:56:14,238 - DEBUG - NO CHANGE: URL not found in "./phasmophobia\data\3d-models.json"
2025-08-12 09:56:14,238 - DEBUG - NO CHANGE: URL not found in "./phasmophobia\data\events.json"
2025-08-12 09:56:14,239 - DEBUG - NO CHANGE: URL not found in "./scripts-v9\audio_controller-v1.js"
2025-08-12 09:56:14,240 - DEBUG - NO CHANGE: URL not found in "./scripts-v9\filter-v1.js"
2025-08-12 09:56:14,240 - DEBUG - NO CHANGE: URL not found in "./scripts-v9\ghost_template-v1.js"
2025-08-12 09:56:14,241 - INFO - SUCCESS: Replaced URL in "./scripts-v9\metronome-v1.js"
2025-08-12 09:56:14,241 - DEBUG - NO CHANGE: URL not found in "./scripts-v9\sanity-v1.js"
2025-08-12 09:56:14,242 - DEBUG - NO CHANGE: URL not found in "./scripts-v9\search-v1.js"
2025-08-12 09:56:14,242 - DEBUG - NO CHANGE: URL not found in "./scripts-v9\sparkles-v1.js"
2025-08-12 09:56:14,242 - DEBUG - NO CHANGE: URL not found in "./scripts-v9\timer-v4.js"
2025-08-12 09:56:14,243 - DEBUG - NO CHANGE: URL not found in "./scripts-v9\utils-v1.js"
2025-08-12 09:56:14,243 - DEBUG - NO CHANGE: URL not found in "./scripts-v9\voice_en-v1.js"
2025-08-12 09:56:14,243 - DEBUG - NO CHANGE: URL not found in "./scripts-v9\voice_recognition-v1.js"
2025-08-12 09:56:14,244 - DEBUG - NO CHANGE: URL not found in "./scripts-v9\wslink-v2.js"
2025-08-12 09:56:14,244 - DEBUG - NO CHANGE: URL not found in "./scripts-v9\zn-v1.js"
2025-08-12 09:56:14,245 - DEBUG - NO CHANGE: URL not found in "./status\history.html"
2025-08-12 09:56:14,246 - DEBUG - NO CHANGE: URL not found in "./status\index.html"
2025-08-12 09:56:14,246 - DEBUG - NO CHANGE: URL not found in "./styles\style.css"
2025-08-12 09:56:14,246 - DEBUG - NO CHANGE: URL not found in "./styles-v9\sparkles-v1.css"
2025-08-12 09:56:14,247 - DEBUG - NO CHANGE: URL not found in "./styles-v9\style-mobile-v5.css"
2025-08-12 09:56:14,247 - DEBUG - NO CHANGE: URL not found in "./styles-v9\style-v5.css"
2025-08-12 09:56:14,248 - DEBUG - NO CHANGE: URL not found in "./styles-v9\fonts\LICENSE- caveat.txt"
2025-08-12 09:56:14,248 - DEBUG - NO CHANGE: URL not found in "./styles-v9\plugins-v1\makeship-v1.css"
2025-08-12 09:56:14,248 - DEBUG - NO CHANGE: URL not found in "./styles-v9\plugins-v1\musicboxstore-v1.css"
2025-08-12 09:56:14,249 - DEBUG - NO CHANGE: URL not found in "./styles-v9\plugins-v1\plugins-v1.css"
2025-08-12 09:56:14,249 - DEBUG - NO CHANGE: URL not found in "./themes-v9\themes-v1.css"
2025-08-12 09:56:14,249 - DEBUG - NO CHANGE: URL not found in "./themes-v9\themes-v1.js"
2025-08-12 09:56:14,250 - DEBUG - NO CHANGE: URL not found in "./wiki-v9\wiki-spoiler-v1.css"
2025-08-12 09:56:14,250 - DEBUG - NO CHANGE: URL not found in "./wiki-v9\wiki-v1.css"
2025-08-12 09:56:14,250 - DEBUG - NO CHANGE: URL not found in "./wiki-v9\wiki-v2.js"
2025-08-12 09:56:14,251 - DEBUG - NO CHANGE: URL not found in "./wiki-v9\wiki-v5.html"
2025-08-12 09:56:14,251 - INFO - URL replacement process completed.
